<?xml version="1.0" encoding="utf-8"?><testsuites><testsuite name="pytest" errors="0" failures="2" skipped="0" tests="9" time="0.427" timestamp="2025-01-25T10:57:48.047698" hostname="Dianas-MacBook-Pro.local"><testcase classname="tests.api.test_render_integration" name="test_patient_data_endpoint" time="0.045" /><testcase classname="tests.api.test_render_integration" name="test_clinical_prediction_endpoint" time="0.007" /><testcase classname="tests.api.test_render_integration" name="test_data_analysis_endpoint" time="0.009" /><testcase classname="tests.api.test_render_integration" name="test_batch_data_processing" time="0.007" /><testcase classname="tests.api.test_render_integration" name="test_error_handling" time="0.012" /><testcase classname="tests.api.test_render_integration" name="test_concurrent_requests" time="0.021"><failure message="assert False&#10; +  where False = all(&lt;generator object test_concurrent_requests.&lt;locals&gt;.&lt;genexpr&gt; at 0x12733de50&gt;)">tests/api/test_render_integration.py:197: in test_concurrent_requests
    assert all(r.status_code == 200 for r in responses)
E   assert False
E    +  where False = all(&lt;generator object test_concurrent_requests.&lt;locals&gt;.&lt;genexpr&gt; at 0x12733de50&gt;)</failure></testcase><testcase classname="tests.api.test_render_integration" name="test_data_persistence" time="0.004" /><testcase classname="tests.api.test_render_integration" name="test_api_authentication" time="0.003"><failure message="assert 403 == 401&#10; +  where 403 = &lt;Response [403 Forbidden]&gt;.status_code">tests/api/test_render_integration.py:233: in test_api_authentication
    assert response.status_code == 401
E   assert 403 == 401
E    +  where 403 = &lt;Response [403 Forbidden]&gt;.status_code</failure></testcase><testcase classname="tests.api.test_render_integration" name="test_health_check" time="0.002" /></testsuite></testsuites>